2022-07-08 04:44:37 | [INFO]    | Discordia 2.9.2
2022-07-08 04:44:37 | [INFO]    | Connecting to Discord...
2022-07-08 04:44:37 | [INFO]    | Authenticated as puppy#3867
2022-07-08 04:44:37 | [INFO]    | Launching shard 0 (1 out of 1)...
2022-07-08 04:44:37 | [INFO]    | Shard 0 : Connected to wss://gateway.discord.gg
2022-07-08 04:44:37 | [INFO]    | Shard 0 : Received HELLO
2022-07-08 04:44:38 | [INFO]    | Shard 0 : Received READY
2022-07-08 04:44:45 | [INFO]    | Discordia 2.9.2
2022-07-08 04:44:45 | [INFO]    | Connecting to Discord...
2022-07-08 04:44:45 | [INFO]    | Authenticated as puppy#3867
2022-07-08 04:44:45 | [INFO]    | Launching shard 0 (1 out of 1)...
2022-07-08 04:44:45 | [INFO]    | Shard 0 : Connected to wss://gateway.discord.gg
2022-07-08 04:44:45 | [INFO]    | Shard 0 : Received HELLO
2022-07-08 04:44:45 | [INFO]    | Shard 0 : Received READY
2022-07-08 04:45:50 | [INFO]    | Discordia 2.9.2
2022-07-08 04:45:50 | [INFO]    | Connecting to Discord...
2022-07-08 04:45:51 | [INFO]    | Authenticated as puppy#3867
2022-07-08 04:45:51 | [INFO]    | Launching shard 0 (1 out of 1)...
2022-07-08 04:45:51 | [INFO]    | Shard 0 : Connected to wss://gateway.discord.gg
2022-07-08 04:45:51 | [INFO]    | Shard 0 : Received HELLO
2022-07-08 04:45:51 | [INFO]    | Shard 0 : Received READY
2022-07-08 04:49:23 | [INFO]    | Discordia 2.9.2
2022-07-08 04:49:23 | [INFO]    | Connecting to Discord...
2022-07-08 04:49:24 | [INFO]    | Authenticated as puppy#3867
2022-07-08 04:49:24 | [INFO]    | Launching shard 0 (1 out of 1)...
2022-07-08 04:49:24 | [INFO]    | Shard 0 : Connected to wss://gateway.discord.gg
2022-07-08 04:49:24 | [INFO]    | Shard 0 : Received HELLO
2022-07-08 04:49:24 | [INFO]    | Shard 0 : Received READY
2022-07-08 04:56:17 | [INFO]    | Discordia 2.9.2
2022-07-08 04:56:17 | [INFO]    | Connecting to Discord...
2022-07-08 04:56:17 | [INFO]    | Authenticated as puppy#3867
2022-07-08 04:56:17 | [INFO]    | Launching shard 0 (1 out of 1)...
2022-07-08 04:56:17 | [INFO]    | Shard 0 : Connected to wss://gateway.discord.gg
2022-07-08 04:56:17 | [INFO]    | Shard 0 : Received HELLO
2022-07-08 04:56:17 | [INFO]    | Shard 0 : Received READY
2022-07-08 04:58:22 | [INFO]    | Discordia 2.9.2
2022-07-08 04:58:22 | [INFO]    | Connecting to Discord...
2022-07-08 04:58:22 | [INFO]    | Authenticated as puppy#3867
2022-07-08 04:58:22 | [INFO]    | Launching shard 0 (1 out of 1)...
2022-07-08 04:58:22 | [INFO]    | Shard 0 : Connected to wss://gateway.discord.gg
2022-07-08 04:58:22 | [INFO]    | Shard 0 : Received HELLO
2022-07-08 04:58:22 | [INFO]    | Shard 0 : Received READY
2022-07-08 04:58:36 | [INFO]    | Discordia 2.9.2
2022-07-08 04:58:36 | [INFO]    | Connecting to Discord...
2022-07-08 04:58:36 | [INFO]    | Authenticated as puppy#3867
2022-07-08 04:58:36 | [INFO]    | Launching shard 0 (1 out of 1)...
2022-07-08 04:58:36 | [INFO]    | Shard 0 : Connected to wss://gateway.discord.gg
2022-07-08 04:58:36 | [INFO]    | Shard 0 : Received HELLO
2022-07-08 04:58:37 | [INFO]    | Shard 0 : Received READY
2022-07-08 04:59:04 | [INFO]    | Discordia 2.9.2
2022-07-08 04:59:04 | [INFO]    | Connecting to Discord...
2022-07-08 04:59:05 | [INFO]    | Authenticated as puppy#3867
2022-07-08 04:59:05 | [INFO]    | Launching shard 0 (1 out of 1)...
2022-07-08 04:59:05 | [INFO]    | Shard 0 : Connected to wss://gateway.discord.gg
2022-07-08 04:59:05 | [INFO]    | Shard 0 : Received HELLO
2022-07-08 04:59:05 | [INFO]    | Shard 0 : Received READY
2022-07-08 04:59:31 | [INFO]    | Discordia 2.9.2
2022-07-08 04:59:31 | [INFO]    | Connecting to Discord...
2022-07-08 04:59:31 | [INFO]    | Authenticated as puppy#3867
2022-07-08 04:59:31 | [INFO]    | Launching shard 0 (1 out of 1)...
2022-07-08 04:59:31 | [INFO]    | Shard 0 : Connected to wss://gateway.discord.gg
2022-07-08 04:59:31 | [INFO]    | Shard 0 : Received HELLO
2022-07-08 04:59:31 | [INFO]    | Shard 0 : Received READY
2022-07-08 04:59:45 | [INFO]    | Discordia 2.9.2
2022-07-08 04:59:45 | [INFO]    | Connecting to Discord...
2022-07-08 04:59:45 | [INFO]    | Authenticated as puppy#3867
2022-07-08 04:59:45 | [INFO]    | Launching shard 0 (1 out of 1)...
2022-07-08 04:59:45 | [INFO]    | Shard 0 : Connected to wss://gateway.discord.gg
2022-07-08 04:59:45 | [INFO]    | Shard 0 : Received HELLO
2022-07-08 04:59:45 | [INFO]    | Shard 0 : Received READY
2022-07-08 04:59:58 | [INFO]    | Discordia 2.9.2
2022-07-08 04:59:58 | [INFO]    | Connecting to Discord...
2022-07-08 04:59:59 | [INFO]    | Authenticated as puppy#3867
2022-07-08 04:59:59 | [INFO]    | Launching shard 0 (1 out of 1)...
2022-07-08 04:59:59 | [INFO]    | Shard 0 : Connected to wss://gateway.discord.gg
2022-07-08 04:59:59 | [INFO]    | Shard 0 : Received HELLO
2022-07-08 04:59:59 | [INFO]    | Shard 0 : Received READY
2022-07-08 05:00:47 | [INFO]    | Discordia 2.9.2
2022-07-08 05:00:47 | [INFO]    | Connecting to Discord...
2022-07-08 05:00:48 | [INFO]    | Authenticated as puppy#3867
2022-07-08 05:00:48 | [INFO]    | Launching shard 0 (1 out of 1)...
2022-07-08 05:00:48 | [INFO]    | Shard 0 : Connected to wss://gateway.discord.gg
2022-07-08 05:00:48 | [INFO]    | Shard 0 : Received HELLO
2022-07-08 05:00:48 | [INFO]    | Shard 0 : Received READY
2022-07-08 05:01:27 | [INFO]    | Discordia 2.9.2
2022-07-08 05:01:27 | [INFO]    | Connecting to Discord...
2022-07-08 05:01:28 | [INFO]    | Authenticated as puppy#3867
2022-07-08 05:01:28 | [INFO]    | Launching shard 0 (1 out of 1)...
2022-07-08 05:01:28 | [INFO]    | Shard 0 : Connected to wss://gateway.discord.gg
2022-07-08 05:01:28 | [INFO]    | Shard 0 : Received HELLO
2022-07-08 05:01:28 | [INFO]    | Shard 0 : Received READY
2022-07-11 07:35:34 | [INFO]    | Discordia 2.9.2
2022-07-11 07:35:34 | [INFO]    | Connecting to Discord...
2022-07-11 07:35:34 | [INFO]    | Authenticated as puppy#3867
2022-07-11 07:35:34 | [INFO]    | Launching shard 0 (1 out of 1)...
2022-07-11 07:35:35 | [INFO]    | Shard 0 : Connected to wss://gateway.discord.gg
2022-07-11 07:35:35 | [INFO]    | Shard 0 : Received HELLO
2022-07-11 07:35:35 | [INFO]    | Shard 0 : Received READY
2022-07-11 08:01:11 | [INFO]    | Discordia 2.9.2
2022-07-11 08:01:11 | [INFO]    | Connecting to Discord...
2022-07-11 08:01:11 | [INFO]    | Authenticated as puppy#3867
2022-07-11 08:01:11 | [INFO]    | Launching shard 0 (1 out of 1)...
2022-07-11 08:01:11 | [INFO]    | Shard 0 : Connected to wss://gateway.discord.gg
2022-07-11 08:01:11 | [INFO]    | Shard 0 : Received HELLO
2022-07-11 08:01:11 | [INFO]    | Shard 0 : Received READY
2022-07-11 08:11:07 | [INFO]    | Discordia 2.9.2
2022-07-11 08:11:07 | [INFO]    | Connecting to Discord...
2022-07-11 08:11:07 | [INFO]    | Authenticated as puppy#3867
2022-07-11 08:11:07 | [INFO]    | Launching shard 0 (1 out of 1)...
2022-07-11 08:11:07 | [INFO]    | Shard 0 : Connected to wss://gateway.discord.gg
2022-07-11 08:11:07 | [INFO]    | Shard 0 : Received HELLO
2022-07-11 08:11:07 | [INFO]    | Shard 0 : Received READY
2022-07-11 08:12:17 | [INFO]    | Discordia 2.9.2
2022-07-11 08:12:17 | [INFO]    | Connecting to Discord...
2022-07-11 08:12:17 | [INFO]    | Authenticated as puppy#3867
2022-07-11 08:12:17 | [INFO]    | Launching shard 0 (1 out of 1)...
2022-07-11 08:12:17 | [INFO]    | Shard 0 : Connected to wss://gateway.discord.gg
2022-07-11 08:12:17 | [INFO]    | Shard 0 : Received HELLO
2022-07-11 08:12:17 | [INFO]    | Shard 0 : Received READY
2022-07-11 08:15:56 | [INFO]    | Discordia 2.9.2
2022-07-11 08:15:56 | [INFO]    | Connecting to Discord...
2022-07-11 08:15:57 | [INFO]    | Authenticated as puppy#3867
2022-07-11 08:15:57 | [INFO]    | Launching shard 0 (1 out of 1)...
2022-07-11 08:15:57 | [INFO]    | Shard 0 : Connected to wss://gateway.discord.gg
2022-07-11 08:15:57 | [INFO]    | Shard 0 : Received HELLO
2022-07-11 08:15:57 | [INFO]    | Shard 0 : Received READY
2022-07-11 08:16:24 | [INFO]    | Discordia 2.9.2
2022-07-11 08:16:24 | [INFO]    | Connecting to Discord...
2022-07-11 08:16:24 | [INFO]    | Authenticated as puppy#3867
2022-07-11 08:16:24 | [INFO]    | Launching shard 0 (1 out of 1)...
2022-07-11 08:16:24 | [INFO]    | Shard 0 : Connected to wss://gateway.discord.gg
2022-07-11 08:16:24 | [INFO]    | Shard 0 : Received HELLO
2022-07-11 08:16:24 | [INFO]    | Shard 0 : Received READY
2022-07-11 08:19:04 | [INFO]    | Discordia 2.9.2
2022-07-11 08:19:04 | [INFO]    | Connecting to Discord...
2022-07-11 08:19:04 | [INFO]    | Authenticated as puppy#3867
2022-07-11 08:19:04 | [INFO]    | Launching shard 0 (1 out of 1)...
2022-07-11 08:19:04 | [INFO]    | Shard 0 : Connected to wss://gateway.discord.gg
2022-07-11 08:19:04 | [INFO]    | Shard 0 : Received HELLO
2022-07-11 08:19:05 | [INFO]    | Shard 0 : Received READY
2022-07-11 08:19:28 | [INFO]    | Discordia 2.9.2
2022-07-11 08:19:28 | [INFO]    | Connecting to Discord...
2022-07-11 08:19:28 | [INFO]    | Authenticated as puppy#3867
2022-07-11 08:19:28 | [INFO]    | Launching shard 0 (1 out of 1)...
2022-07-11 08:19:28 | [INFO]    | Shard 0 : Connected to wss://gateway.discord.gg
2022-07-11 08:19:28 | [INFO]    | Shard 0 : Received HELLO
2022-07-11 08:19:28 | [INFO]    | Shard 0 : Received READY
2022-07-11 08:19:55 | [INFO]    | Discordia 2.9.2
2022-07-11 08:19:55 | [INFO]    | Connecting to Discord...
2022-07-11 08:19:55 | [INFO]    | Authenticated as puppy#3867
2022-07-11 08:19:55 | [INFO]    | Launching shard 0 (1 out of 1)...
2022-07-11 08:19:55 | [INFO]    | Shard 0 : Connected to wss://gateway.discord.gg
2022-07-11 08:19:55 | [INFO]    | Shard 0 : Received HELLO
2022-07-11 08:19:56 | [INFO]    | Shard 0 : Received READY
2022-07-11 08:20:18 | [INFO]    | Discordia 2.9.2
2022-07-11 08:20:18 | [INFO]    | Connecting to Discord...
2022-07-11 08:20:19 | [INFO]    | Authenticated as puppy#3867
2022-07-11 08:20:19 | [INFO]    | Launching shard 0 (1 out of 1)...
2022-07-11 08:20:19 | [INFO]    | Shard 0 : Connected to wss://gateway.discord.gg
2022-07-11 08:20:19 | [INFO]    | Shard 0 : Received HELLO
2022-07-11 08:20:19 | [INFO]    | Shard 0 : Received READY
2022-07-11 08:20:38 | [INFO]    | Discordia 2.9.2
2022-07-11 08:20:38 | [INFO]    | Connecting to Discord...
2022-07-11 08:20:38 | [INFO]    | Authenticated as puppy#3867
2022-07-11 08:20:38 | [INFO]    | Launching shard 0 (1 out of 1)...
2022-07-11 08:20:38 | [INFO]    | Shard 0 : Connected to wss://gateway.discord.gg
2022-07-11 08:20:38 | [INFO]    | Shard 0 : Received HELLO
2022-07-11 08:20:39 | [INFO]    | Shard 0 : Received READY
2022-07-11 08:23:06 | [INFO]    | Discordia 2.9.2
2022-07-11 08:23:06 | [INFO]    | Connecting to Discord...
2022-07-11 08:23:06 | [INFO]    | Authenticated as puppy#3867
2022-07-11 08:23:06 | [INFO]    | Launching shard 0 (1 out of 1)...
2022-07-11 08:23:06 | [INFO]    | Shard 0 : Connected to wss://gateway.discord.gg
2022-07-11 08:23:06 | [INFO]    | Shard 0 : Received HELLO
2022-07-11 08:23:06 | [INFO]    | Shard 0 : Received READY
2022-07-11 08:31:43 | [INFO]    | Discordia 2.9.2
2022-07-11 08:31:43 | [INFO]    | Connecting to Discord...
2022-07-11 08:31:43 | [INFO]    | Authenticated as puppy#3867
2022-07-11 08:31:43 | [INFO]    | Launching shard 0 (1 out of 1)...
2022-07-11 08:31:43 | [INFO]    | Shard 0 : Connected to wss://gateway.discord.gg
2022-07-11 08:31:43 | [INFO]    | Shard 0 : Received HELLO
2022-07-11 08:31:43 | [INFO]    | Shard 0 : Received READY
2022-07-11 08:32:50 | [INFO]    | Discordia 2.9.2
2022-07-11 08:32:50 | [INFO]    | Connecting to Discord...
2022-07-11 08:32:51 | [INFO]    | Authenticated as puppy#3867
2022-07-11 08:32:51 | [INFO]    | Launching shard 0 (1 out of 1)...
2022-07-11 08:32:51 | [INFO]    | Shard 0 : Connected to wss://gateway.discord.gg
2022-07-11 08:32:51 | [INFO]    | Shard 0 : Received HELLO
2022-07-11 08:32:51 | [INFO]    | Shard 0 : Received READY
2022-07-11 08:34:16 | [INFO]    | Discordia 2.9.2
2022-07-11 08:34:16 | [INFO]    | Connecting to Discord...
2022-07-11 08:34:16 | [INFO]    | Authenticated as puppy#3867
2022-07-11 08:34:16 | [INFO]    | Launching shard 0 (1 out of 1)...
2022-07-11 08:34:17 | [INFO]    | Shard 0 : Connected to wss://gateway.discord.gg
2022-07-11 08:34:17 | [INFO]    | Shard 0 : Received HELLO
2022-07-11 08:34:19 | [INFO]    | Shard 0 : Received READY
2022-07-11 08:34:33 | [INFO]    | Discordia 2.9.2
2022-07-11 08:34:33 | [INFO]    | Connecting to Discord...
2022-07-11 08:34:33 | [INFO]    | Authenticated as puppy#3867
2022-07-11 08:34:33 | [INFO]    | Launching shard 0 (1 out of 1)...
2022-07-11 08:34:33 | [INFO]    | Shard 0 : Connected to wss://gateway.discord.gg
2022-07-11 08:34:33 | [INFO]    | Shard 0 : Received HELLO
2022-07-11 08:34:33 | [INFO]    | Shard 0 : Received READY
2022-07-11 08:34:46 | [INFO]    | Discordia 2.9.2
2022-07-11 08:34:46 | [INFO]    | Connecting to Discord...
2022-07-11 08:34:47 | [INFO]    | Authenticated as puppy#3867
2022-07-11 08:34:47 | [INFO]    | Launching shard 0 (1 out of 1)...
2022-07-11 08:34:47 | [INFO]    | Shard 0 : Connected to wss://gateway.discord.gg
2022-07-11 08:34:47 | [INFO]    | Shard 0 : Received HELLO
2022-07-11 08:34:47 | [INFO]    | Shard 0 : Received READY
2022-07-11 08:35:05 | [INFO]    | Discordia 2.9.2
2022-07-11 08:35:05 | [INFO]    | Connecting to Discord...
2022-07-11 08:35:05 | [INFO]    | Authenticated as puppy#3867
2022-07-11 08:35:05 | [INFO]    | Launching shard 0 (1 out of 1)...
2022-07-11 08:35:05 | [INFO]    | Shard 0 : Connected to wss://gateway.discord.gg
2022-07-11 08:35:05 | [INFO]    | Shard 0 : Received HELLO
2022-07-11 08:35:05 | [INFO]    | Shard 0 : Received READY
2022-07-11 08:38:31 | [INFO]    | Discordia 2.9.2
2022-07-11 08:38:31 | [INFO]    | Connecting to Discord...
2022-07-11 08:38:31 | [INFO]    | Authenticated as puppy#3867
2022-07-11 08:38:31 | [INFO]    | Launching shard 0 (1 out of 1)...
2022-07-11 08:38:31 | [INFO]    | Shard 0 : Connected to wss://gateway.discord.gg
2022-07-11 08:38:31 | [INFO]    | Shard 0 : Received HELLO
2022-07-11 08:38:31 | [INFO]    | Shard 0 : Received READY
2022-07-11 08:39:20 | [INFO]    | Discordia 2.9.2
2022-07-11 08:39:20 | [INFO]    | Connecting to Discord...
2022-07-11 08:39:20 | [INFO]    | Authenticated as puppy#3867
2022-07-11 08:39:20 | [INFO]    | Launching shard 0 (1 out of 1)...
2022-07-11 08:39:20 | [INFO]    | Shard 0 : Connected to wss://gateway.discord.gg
2022-07-11 08:39:20 | [INFO]    | Shard 0 : Received HELLO
2022-07-11 08:39:20 | [INFO]    | Shard 0 : Received READY
2022-07-11 08:39:50 | [INFO]    | Discordia 2.9.2
2022-07-11 08:39:50 | [INFO]    | Connecting to Discord...
2022-07-11 08:39:50 | [INFO]    | Authenticated as puppy#3867
2022-07-11 08:39:50 | [INFO]    | Launching shard 0 (1 out of 1)...
2022-07-11 08:39:51 | [INFO]    | Shard 0 : Connected to wss://gateway.discord.gg
2022-07-11 08:39:51 | [INFO]    | Shard 0 : Received HELLO
2022-07-11 08:39:51 | [INFO]    | Shard 0 : Received READY
2022-07-11 08:41:05 | [INFO]    | Discordia 2.9.2
2022-07-11 08:41:05 | [INFO]    | Connecting to Discord...
2022-07-11 08:41:05 | [INFO]    | Authenticated as puppy#3867
2022-07-11 08:41:05 | [INFO]    | Launching shard 0 (1 out of 1)...
2022-07-11 08:41:05 | [INFO]    | Shard 0 : Connected to wss://gateway.discord.gg
2022-07-11 08:41:05 | [INFO]    | Shard 0 : Received HELLO
2022-07-11 08:41:05 | [INFO]    | Shard 0 : Received READY
2022-07-11 08:46:05 | [INFO]    | Discordia 2.9.2
2022-07-11 08:46:05 | [INFO]    | Connecting to Discord...
2022-07-11 08:46:05 | [INFO]    | Authenticated as puppy#3867
2022-07-11 08:46:05 | [INFO]    | Launching shard 0 (1 out of 1)...
2022-07-11 08:46:05 | [INFO]    | Shard 0 : Connected to wss://gateway.discord.gg
2022-07-11 08:46:05 | [INFO]    | Shard 0 : Received HELLO
2022-07-11 08:46:05 | [INFO]    | Shard 0 : Received READY
2022-07-11 08:46:49 | [INFO]    | Discordia 2.9.2
2022-07-11 08:46:49 | [INFO]    | Connecting to Discord...
2022-07-11 08:46:50 | [INFO]    | Authenticated as puppy#3867
2022-07-11 08:46:50 | [INFO]    | Launching shard 0 (1 out of 1)...
2022-07-11 08:46:50 | [INFO]    | Shard 0 : Connected to wss://gateway.discord.gg
2022-07-11 08:46:50 | [INFO]    | Shard 0 : Received HELLO
2022-07-11 08:46:50 | [INFO]    | Shard 0 : Received READY
2022-07-11 08:49:03 | [INFO]    | Discordia 2.9.2
2022-07-11 08:49:03 | [INFO]    | Connecting to Discord...
2022-07-11 08:49:03 | [INFO]    | Authenticated as puppy#3867
2022-07-11 08:49:03 | [INFO]    | Launching shard 0 (1 out of 1)...
2022-07-11 08:49:03 | [INFO]    | Shard 0 : Connected to wss://gateway.discord.gg
2022-07-11 08:49:03 | [INFO]    | Shard 0 : Received HELLO
2022-07-11 08:49:04 | [INFO]    | Shard 0 : Received READY
2022-07-11 08:50:25 | [INFO]    | Discordia 2.9.2
2022-07-11 08:50:25 | [INFO]    | Connecting to Discord...
2022-07-11 08:50:25 | [INFO]    | Authenticated as puppy#3867
2022-07-11 08:50:25 | [INFO]    | Launching shard 0 (1 out of 1)...
2022-07-11 08:50:25 | [INFO]    | Shard 0 : Connected to wss://gateway.discord.gg
2022-07-11 08:50:25 | [INFO]    | Shard 0 : Received HELLO
2022-07-11 08:50:25 | [INFO]    | Shard 0 : Received READY
2022-07-11 08:50:41 | [INFO]    | Discordia 2.9.2
2022-07-11 08:50:41 | [INFO]    | Connecting to Discord...
2022-07-11 08:50:41 | [INFO]    | Authenticated as puppy#3867
2022-07-11 08:50:41 | [INFO]    | Launching shard 0 (1 out of 1)...
2022-07-11 08:50:41 | [INFO]    | Shard 0 : Connected to wss://gateway.discord.gg
2022-07-11 08:50:41 | [INFO]    | Shard 0 : Received HELLO
2022-07-11 08:50:41 | [INFO]    | Shard 0 : Received READY
2022-07-11 08:51:41 | [INFO]    | Discordia 2.9.2
2022-07-11 08:51:41 | [INFO]    | Connecting to Discord...
2022-07-11 08:51:42 | [INFO]    | Authenticated as puppy#3867
2022-07-11 08:51:42 | [INFO]    | Launching shard 0 (1 out of 1)...
2022-07-11 08:51:42 | [INFO]    | Shard 0 : Connected to wss://gateway.discord.gg
2022-07-11 08:51:42 | [INFO]    | Shard 0 : Received HELLO
2022-07-11 08:51:42 | [INFO]    | Shard 0 : Received READY
2022-07-11 08:52:14 | [INFO]    | Discordia 2.9.2
2022-07-11 08:52:14 | [INFO]    | Connecting to Discord...
2022-07-11 08:52:14 | [INFO]    | Authenticated as puppy#3867
2022-07-11 08:52:14 | [INFO]    | Launching shard 0 (1 out of 1)...
2022-07-11 08:52:15 | [INFO]    | Shard 0 : Connected to wss://gateway.discord.gg
2022-07-11 08:52:15 | [INFO]    | Shard 0 : Received HELLO
2022-07-11 08:52:15 | [INFO]    | Shard 0 : Received READY
2022-07-11 08:52:41 | [INFO]    | Discordia 2.9.2
2022-07-11 08:52:41 | [INFO]    | Connecting to Discord...
2022-07-11 08:52:41 | [INFO]    | Authenticated as puppy#3867
2022-07-11 08:52:41 | [INFO]    | Launching shard 0 (1 out of 1)...
2022-07-11 08:52:41 | [INFO]    | Shard 0 : Connected to wss://gateway.discord.gg
2022-07-11 08:52:41 | [INFO]    | Shard 0 : Received HELLO
2022-07-11 08:52:41 | [INFO]    | Shard 0 : Received READY
2022-07-11 08:52:51 | [INFO]    | Discordia 2.9.2
2022-07-11 08:52:51 | [INFO]    | Connecting to Discord...
2022-07-11 08:52:51 | [INFO]    | Authenticated as puppy#3867
2022-07-11 08:52:51 | [INFO]    | Launching shard 0 (1 out of 1)...
2022-07-11 08:52:51 | [INFO]    | Shard 0 : Connected to wss://gateway.discord.gg
2022-07-11 08:52:51 | [INFO]    | Shard 0 : Received HELLO
2022-07-11 08:52:52 | [INFO]    | Shard 0 : Received READY
2022-07-11 08:53:19 | [INFO]    | Discordia 2.9.2
2022-07-11 08:53:19 | [INFO]    | Connecting to Discord...
2022-07-11 08:53:19 | [INFO]    | Authenticated as puppy#3867
2022-07-11 08:53:19 | [INFO]    | Launching shard 0 (1 out of 1)...
2022-07-11 08:53:20 | [INFO]    | Shard 0 : Connected to wss://gateway.discord.gg
2022-07-11 08:53:20 | [INFO]    | Shard 0 : Received HELLO
2022-07-11 08:53:20 | [INFO]    | Shard 0 : Received READY
2022-07-11 08:53:46 | [INFO]    | Discordia 2.9.2
2022-07-11 08:53:46 | [INFO]    | Connecting to Discord...
2022-07-11 08:53:46 | [INFO]    | Authenticated as puppy#3867
2022-07-11 08:53:46 | [INFO]    | Launching shard 0 (1 out of 1)...
2022-07-11 08:53:46 | [INFO]    | Shard 0 : Connected to wss://gateway.discord.gg
2022-07-11 08:53:46 | [INFO]    | Shard 0 : Received HELLO
2022-07-11 08:53:46 | [INFO]    | Shard 0 : Received READY
2022-07-11 08:54:15 | [INFO]    | Discordia 2.9.2
2022-07-11 08:54:15 | [INFO]    | Connecting to Discord...
2022-07-11 08:54:16 | [INFO]    | Authenticated as puppy#3867
2022-07-11 08:54:16 | [INFO]    | Launching shard 0 (1 out of 1)...
2022-07-11 08:54:16 | [INFO]    | Shard 0 : Connected to wss://gateway.discord.gg
2022-07-11 08:54:16 | [INFO]    | Shard 0 : Received HELLO
2022-07-11 08:54:16 | [INFO]    | Shard 0 : Received READY
2022-07-11 08:54:40 | [INFO]    | Discordia 2.9.2
2022-07-11 08:54:40 | [INFO]    | Connecting to Discord...
2022-07-11 08:54:40 | [INFO]    | Authenticated as puppy#3867
2022-07-11 08:54:40 | [INFO]    | Launching shard 0 (1 out of 1)...
2022-07-11 08:54:41 | [INFO]    | Shard 0 : Connected to wss://gateway.discord.gg
2022-07-11 08:54:41 | [INFO]    | Shard 0 : Received HELLO
2022-07-11 08:54:41 | [INFO]    | Shard 0 : Received READY
2022-07-11 08:55:54 | [INFO]    | Discordia 2.9.2
2022-07-11 08:55:54 | [INFO]    | Connecting to Discord...
2022-07-11 08:55:54 | [INFO]    | Authenticated as puppy#3867
2022-07-11 08:55:54 | [INFO]    | Launching shard 0 (1 out of 1)...
2022-07-11 08:55:54 | [INFO]    | Shard 0 : Connected to wss://gateway.discord.gg
2022-07-11 08:55:54 | [INFO]    | Shard 0 : Received HELLO
2022-07-11 08:55:54 | [INFO]    | Shard 0 : Received READY
2022-07-11 08:56:26 | [INFO]    | Discordia 2.9.2
2022-07-11 08:56:26 | [INFO]    | Connecting to Discord...
2022-07-11 08:56:26 | [INFO]    | Authenticated as puppy#3867
2022-07-11 08:56:26 | [INFO]    | Launching shard 0 (1 out of 1)...
2022-07-11 08:56:27 | [INFO]    | Shard 0 : Connected to wss://gateway.discord.gg
2022-07-11 08:56:27 | [INFO]    | Shard 0 : Received HELLO
2022-07-11 08:56:27 | [INFO]    | Shard 0 : Received READY
2022-07-11 08:56:55 | [INFO]    | Discordia 2.9.2
2022-07-11 08:56:55 | [INFO]    | Connecting to Discord...
2022-07-11 08:56:55 | [INFO]    | Authenticated as puppy#3867
2022-07-11 08:56:55 | [INFO]    | Launching shard 0 (1 out of 1)...
2022-07-11 08:56:55 | [INFO]    | Shard 0 : Connected to wss://gateway.discord.gg
2022-07-11 08:56:55 | [INFO]    | Shard 0 : Received HELLO
2022-07-11 08:56:55 | [INFO]    | Shard 0 : Received READY
2022-07-11 09:12:35 | [INFO]    | Discordia 2.9.2
2022-07-11 09:12:35 | [INFO]    | Connecting to Discord...
2022-07-11 09:12:35 | [INFO]    | Authenticated as puppy#3867
2022-07-11 09:12:35 | [INFO]    | Launching shard 0 (1 out of 1)...
2022-07-11 09:12:36 | [INFO]    | Shard 0 : Connected to wss://gateway.discord.gg
2022-07-11 09:12:36 | [INFO]    | Shard 0 : Received HELLO
2022-07-11 09:12:36 | [INFO]    | Shard 0 : Received READY
2022-07-11 09:20:43 | [INFO]    | Discordia 2.9.2
2022-07-11 09:20:43 | [INFO]    | Connecting to Discord...
2022-07-11 09:20:43 | [INFO]    | Authenticated as puppy#3867
2022-07-11 09:20:43 | [INFO]    | Launching shard 0 (1 out of 1)...
2022-07-11 09:20:43 | [INFO]    | Shard 0 : Connected to wss://gateway.discord.gg
2022-07-11 09:20:43 | [INFO]    | Shard 0 : Received HELLO
2022-07-11 09:20:43 | [INFO]    | Shard 0 : Received READY
2022-07-11 09:21:24 | [INFO]    | Discordia 2.9.2
2022-07-11 09:21:24 | [INFO]    | Connecting to Discord...
2022-07-11 09:21:24 | [INFO]    | Authenticated as puppy#3867
2022-07-11 09:21:24 | [INFO]    | Launching shard 0 (1 out of 1)...
2022-07-11 09:21:24 | [INFO]    | Shard 0 : Connected to wss://gateway.discord.gg
2022-07-11 09:21:24 | [INFO]    | Shard 0 : Received HELLO
2022-07-11 09:21:24 | [INFO]    | Shard 0 : Received READY
2022-07-11 09:22:20 | [INFO]    | Discordia 2.9.2
2022-07-11 09:22:20 | [INFO]    | Connecting to Discord...
2022-07-11 09:22:20 | [INFO]    | Authenticated as puppy#3867
2022-07-11 09:22:20 | [INFO]    | Launching shard 0 (1 out of 1)...
2022-07-11 09:22:20 | [INFO]    | Shard 0 : Connected to wss://gateway.discord.gg
2022-07-11 09:22:20 | [INFO]    | Shard 0 : Received HELLO
2022-07-11 09:22:20 | [INFO]    | Shard 0 : Received READY
2022-07-11 09:23:30 | [INFO]    | Discordia 2.9.2
2022-07-11 09:23:30 | [INFO]    | Connecting to Discord...
2022-07-11 09:23:30 | [INFO]    | Authenticated as puppy#3867
2022-07-11 09:23:30 | [INFO]    | Launching shard 0 (1 out of 1)...
2022-07-11 09:23:30 | [INFO]    | Shard 0 : Connected to wss://gateway.discord.gg
2022-07-11 09:23:30 | [INFO]    | Shard 0 : Received HELLO
2022-07-11 09:23:30 | [INFO]    | Shard 0 : Received READY
2022-07-11 09:25:12 | [INFO]    | Discordia 2.9.2
2022-07-11 09:25:12 | [INFO]    | Connecting to Discord...
2022-07-11 09:25:12 | [INFO]    | Authenticated as puppy#3867
2022-07-11 09:25:12 | [INFO]    | Launching shard 0 (1 out of 1)...
2022-07-11 09:25:12 | [INFO]    | Shard 0 : Connected to wss://gateway.discord.gg
2022-07-11 09:25:12 | [INFO]    | Shard 0 : Received HELLO
2022-07-11 09:25:13 | [INFO]    | Shard 0 : Received READY
2022-07-11 09:27:33 | [INFO]    | Discordia 2.9.2
2022-07-11 09:27:33 | [INFO]    | Connecting to Discord...
2022-07-11 09:27:33 | [INFO]    | Authenticated as puppy#3867
2022-07-11 09:27:33 | [INFO]    | Launching shard 0 (1 out of 1)...
2022-07-11 09:27:33 | [INFO]    | Shard 0 : Connected to wss://gateway.discord.gg
2022-07-11 09:27:33 | [INFO]    | Shard 0 : Received HELLO
2022-07-11 09:27:33 | [INFO]    | Shard 0 : Received READY
2022-07-11 09:28:00 | [INFO]    | Discordia 2.9.2
2022-07-11 09:28:00 | [INFO]    | Connecting to Discord...
2022-07-11 09:28:01 | [INFO]    | Authenticated as puppy#3867
2022-07-11 09:28:01 | [INFO]    | Launching shard 0 (1 out of 1)...
2022-07-11 09:28:01 | [INFO]    | Shard 0 : Connected to wss://gateway.discord.gg
2022-07-11 09:28:01 | [INFO]    | Shard 0 : Received HELLO
2022-07-11 09:28:01 | [INFO]    | Shard 0 : Received READY
2022-07-11 09:28:51 | [INFO]    | Discordia 2.9.2
2022-07-11 09:28:51 | [INFO]    | Connecting to Discord...
2022-07-11 09:28:51 | [INFO]    | Authenticated as puppy#3867
2022-07-11 09:28:51 | [INFO]    | Launching shard 0 (1 out of 1)...
2022-07-11 09:28:51 | [INFO]    | Shard 0 : Connected to wss://gateway.discord.gg
2022-07-11 09:28:51 | [INFO]    | Shard 0 : Received HELLO
2022-07-11 09:28:51 | [INFO]    | Shard 0 : Received READY
2022-07-11 09:29:05 | [INFO]    | Discordia 2.9.2
2022-07-11 09:29:05 | [INFO]    | Connecting to Discord...
2022-07-11 09:29:06 | [INFO]    | Authenticated as puppy#3867
2022-07-11 09:29:06 | [INFO]    | Launching shard 0 (1 out of 1)...
2022-07-11 09:29:06 | [INFO]    | Shard 0 : Connected to wss://gateway.discord.gg
2022-07-11 09:29:06 | [INFO]    | Shard 0 : Received HELLO
2022-07-11 09:29:06 | [INFO]    | Shard 0 : Received READY
2022-07-11 09:29:41 | [INFO]    | Discordia 2.9.2
2022-07-11 09:29:41 | [INFO]    | Connecting to Discord...
2022-07-11 09:29:41 | [INFO]    | Authenticated as puppy#3867
2022-07-11 09:29:41 | [INFO]    | Launching shard 0 (1 out of 1)...
2022-07-11 09:29:41 | [INFO]    | Shard 0 : Connected to wss://gateway.discord.gg
2022-07-11 09:29:41 | [INFO]    | Shard 0 : Received HELLO
2022-07-11 09:29:41 | [INFO]    | Shard 0 : Received READY
2022-07-11 09:31:08 | [INFO]    | Discordia 2.9.2
2022-07-11 09:31:08 | [INFO]    | Connecting to Discord...
2022-07-11 09:31:08 | [INFO]    | Authenticated as puppy#3867
2022-07-11 09:31:08 | [INFO]    | Launching shard 0 (1 out of 1)...
2022-07-11 09:31:08 | [INFO]    | Shard 0 : Connected to wss://gateway.discord.gg
2022-07-11 09:31:08 | [INFO]    | Shard 0 : Received HELLO
2022-07-11 09:31:08 | [INFO]    | Shard 0 : Received READY
2022-07-11 09:42:00 | [INFO]    | Discordia 2.9.2
2022-07-11 09:42:00 | [INFO]    | Connecting to Discord...
2022-07-11 09:42:00 | [INFO]    | Authenticated as puppy#3867
2022-07-11 09:42:01 | [INFO]    | Launching shard 0 (1 out of 1)...
2022-07-11 09:42:01 | [INFO]    | Shard 0 : Connected to wss://gateway.discord.gg
2022-07-11 09:42:01 | [INFO]    | Shard 0 : Received HELLO
2022-07-11 09:42:01 | [INFO]    | Shard 0 : Received READY
2022-07-11 09:42:36 | [INFO]    | Discordia 2.9.2
2022-07-11 09:42:36 | [INFO]    | Connecting to Discord...
2022-07-11 09:42:36 | [INFO]    | Authenticated as puppy#3867
2022-07-11 09:42:36 | [INFO]    | Launching shard 0 (1 out of 1)...
2022-07-11 09:42:36 | [INFO]    | Shard 0 : Connected to wss://gateway.discord.gg
2022-07-11 09:42:36 | [INFO]    | Shard 0 : Received HELLO
2022-07-11 09:42:36 | [INFO]    | Shard 0 : Received READY
2022-07-11 09:43:23 | [INFO]    | Discordia 2.9.2
2022-07-11 09:43:23 | [INFO]    | Connecting to Discord...
2022-07-11 09:43:23 | [INFO]    | Authenticated as puppy#3867
2022-07-11 09:43:23 | [INFO]    | Launching shard 0 (1 out of 1)...
2022-07-11 09:43:23 | [INFO]    | Shard 0 : Connected to wss://gateway.discord.gg
2022-07-11 09:43:23 | [INFO]    | Shard 0 : Received HELLO
2022-07-11 09:43:23 | [INFO]    | Shard 0 : Received READY
2022-07-11 09:50:01 | [INFO]    | Discordia 2.9.2
2022-07-11 09:50:01 | [INFO]    | Connecting to Discord...
2022-07-11 09:50:01 | [INFO]    | Authenticated as puppy#3867
2022-07-11 09:50:01 | [INFO]    | Launching shard 0 (1 out of 1)...
2022-07-11 09:50:01 | [INFO]    | Shard 0 : Connected to wss://gateway.discord.gg
2022-07-11 09:50:01 | [INFO]    | Shard 0 : Received HELLO
2022-07-11 09:50:01 | [INFO]    | Shard 0 : Received READY
2022-07-11 09:50:18 | [INFO]    | Discordia 2.9.2
2022-07-11 09:50:18 | [INFO]    | Connecting to Discord...
2022-07-11 09:50:18 | [INFO]    | Authenticated as puppy#3867
2022-07-11 09:50:18 | [INFO]    | Launching shard 0 (1 out of 1)...
2022-07-11 09:50:19 | [INFO]    | Shard 0 : Connected to wss://gateway.discord.gg
2022-07-11 09:50:19 | [INFO]    | Shard 0 : Received HELLO
2022-07-11 09:50:19 | [INFO]    | Shard 0 : Received READY
2022-07-11 09:59:30 | [INFO]    | Discordia 2.9.2
2022-07-11 09:59:30 | [INFO]    | Connecting to Discord...
2022-07-11 09:59:30 | [INFO]    | Authenticated as puppy#3867
2022-07-11 09:59:30 | [INFO]    | Launching shard 0 (1 out of 1)...
2022-07-11 09:59:30 | [INFO]    | Shard 0 : Connected to wss://gateway.discord.gg
2022-07-11 09:59:30 | [INFO]    | Shard 0 : Received HELLO
2022-07-11 09:59:30 | [INFO]    | Shard 0 : Received READY
2022-07-11 10:02:00 | [INFO]    | Discordia 2.9.2
2022-07-11 10:02:00 | [INFO]    | Connecting to Discord...
2022-07-11 10:02:01 | [INFO]    | Authenticated as puppy#3867
2022-07-11 10:02:01 | [INFO]    | Launching shard 0 (1 out of 1)...
2022-07-11 10:02:01 | [INFO]    | Shard 0 : Connected to wss://gateway.discord.gg
2022-07-11 10:02:01 | [INFO]    | Shard 0 : Received HELLO
2022-07-11 10:02:01 | [INFO]    | Shard 0 : Received READY
2022-07-11 10:02:12 | [INFO]    | Discordia 2.9.2
2022-07-11 10:02:12 | [INFO]    | Connecting to Discord...
2022-07-11 10:02:12 | [INFO]    | Authenticated as puppy#3867
2022-07-11 10:02:12 | [INFO]    | Launching shard 0 (1 out of 1)...
2022-07-11 10:02:12 | [INFO]    | Shard 0 : Connected to wss://gateway.discord.gg
2022-07-11 10:02:12 | [INFO]    | Shard 0 : Received HELLO
2022-07-11 10:02:12 | [INFO]    | Shard 0 : Received READY
2022-07-11 10:02:26 | [INFO]    | Discordia 2.9.2
2022-07-11 10:02:26 | [INFO]    | Connecting to Discord...
2022-07-11 10:02:26 | [INFO]    | Authenticated as puppy#3867
2022-07-11 10:02:26 | [INFO]    | Launching shard 0 (1 out of 1)...
2022-07-11 10:02:26 | [INFO]    | Shard 0 : Connected to wss://gateway.discord.gg
2022-07-11 10:02:26 | [INFO]    | Shard 0 : Received HELLO
2022-07-11 10:02:26 | [INFO]    | Shard 0 : Received READY
2022-07-11 10:02:42 | [INFO]    | Discordia 2.9.2
2022-07-11 10:02:42 | [INFO]    | Connecting to Discord...
2022-07-11 10:02:42 | [INFO]    | Authenticated as puppy#3867
2022-07-11 10:02:42 | [INFO]    | Launching shard 0 (1 out of 1)...
2022-07-11 10:02:42 | [INFO]    | Shard 0 : Connected to wss://gateway.discord.gg
2022-07-11 10:02:42 | [INFO]    | Shard 0 : Received HELLO
2022-07-11 10:02:42 | [INFO]    | Shard 0 : Received READY
2022-07-11 10:03:08 | [INFO]    | Discordia 2.9.2
2022-07-11 10:03:08 | [INFO]    | Connecting to Discord...
2022-07-11 10:03:08 | [INFO]    | Authenticated as puppy#3867
2022-07-11 10:03:08 | [INFO]    | Launching shard 0 (1 out of 1)...
2022-07-11 10:03:09 | [INFO]    | Shard 0 : Connected to wss://gateway.discord.gg
2022-07-11 10:03:09 | [INFO]    | Shard 0 : Received HELLO
2022-07-11 10:03:09 | [INFO]    | Shard 0 : Received READY
2022-07-11 10:03:38 | [INFO]    | Discordia 2.9.2
2022-07-11 10:03:38 | [INFO]    | Connecting to Discord...
2022-07-11 10:03:39 | [INFO]    | Authenticated as puppy#3867
2022-07-11 10:03:39 | [INFO]    | Launching shard 0 (1 out of 1)...
2022-07-11 10:03:39 | [INFO]    | Shard 0 : Connected to wss://gateway.discord.gg
2022-07-11 10:03:39 | [INFO]    | Shard 0 : Received HELLO
2022-07-11 10:03:39 | [INFO]    | Shard 0 : Received READY
2022-07-11 10:04:51 | [INFO]    | Discordia 2.9.2
2022-07-11 10:04:51 | [INFO]    | Connecting to Discord...
2022-07-11 10:04:51 | [INFO]    | Authenticated as puppy#3867
2022-07-11 10:04:51 | [INFO]    | Launching shard 0 (1 out of 1)...
2022-07-11 10:04:51 | [INFO]    | Shard 0 : Connected to wss://gateway.discord.gg
2022-07-11 10:04:51 | [INFO]    | Shard 0 : Received HELLO
2022-07-11 10:04:51 | [INFO]    | Shard 0 : Received READY
2022-07-11 10:05:17 | [INFO]    | Discordia 2.9.2
2022-07-11 10:05:17 | [INFO]    | Connecting to Discord...
2022-07-11 10:05:17 | [INFO]    | Authenticated as puppy#3867
2022-07-11 10:05:17 | [INFO]    | Launching shard 0 (1 out of 1)...
2022-07-11 10:05:17 | [INFO]    | Shard 0 : Connected to wss://gateway.discord.gg
2022-07-11 10:05:17 | [INFO]    | Shard 0 : Received HELLO
2022-07-11 10:05:17 | [INFO]    | Shard 0 : Received READY
2022-07-11 10:05:30 | [INFO]    | Discordia 2.9.2
2022-07-11 10:05:30 | [INFO]    | Connecting to Discord...
2022-07-11 10:05:30 | [INFO]    | Authenticated as puppy#3867
2022-07-11 10:05:30 | [INFO]    | Launching shard 0 (1 out of 1)...
2022-07-11 10:05:30 | [INFO]    | Shard 0 : Connected to wss://gateway.discord.gg
2022-07-11 10:05:30 | [INFO]    | Shard 0 : Received HELLO
2022-07-11 10:05:30 | [INFO]    | Shard 0 : Received READY
2022-07-11 10:05:55 | [INFO]    | Discordia 2.9.2
2022-07-11 10:05:55 | [INFO]    | Connecting to Discord...
2022-07-11 10:05:55 | [INFO]    | Authenticated as puppy#3867
2022-07-11 10:05:55 | [INFO]    | Launching shard 0 (1 out of 1)...
2022-07-11 10:05:55 | [INFO]    | Shard 0 : Connected to wss://gateway.discord.gg
2022-07-11 10:05:55 | [INFO]    | Shard 0 : Received HELLO
2022-07-11 10:05:56 | [INFO]    | Shard 0 : Received READY
2022-07-11 10:10:01 | [INFO]    | Discordia 2.9.2
2022-07-11 10:10:01 | [INFO]    | Connecting to Discord...
2022-07-11 10:10:02 | [INFO]    | Authenticated as puppy#3867
2022-07-11 10:10:02 | [INFO]    | Launching shard 0 (1 out of 1)...
2022-07-11 10:10:02 | [INFO]    | Shard 0 : Connected to wss://gateway.discord.gg
2022-07-11 10:10:02 | [INFO]    | Shard 0 : Received HELLO
2022-07-11 10:10:02 | [INFO]    | Shard 0 : Received READY
2022-07-11 10:11:46 | [INFO]    | Discordia 2.9.2
2022-07-11 10:11:46 | [INFO]    | Connecting to Discord...
2022-07-11 10:11:46 | [INFO]    | Authenticated as puppy#3867
2022-07-11 10:11:46 | [INFO]    | Launching shard 0 (1 out of 1)...
2022-07-11 10:11:47 | [INFO]    | Shard 0 : Connected to wss://gateway.discord.gg
2022-07-11 10:11:47 | [INFO]    | Shard 0 : Received HELLO
2022-07-11 10:11:47 | [INFO]    | Shard 0 : Received READY
2022-07-11 10:12:52 | [INFO]    | Discordia 2.9.2
2022-07-11 10:12:52 | [INFO]    | Connecting to Discord...
2022-07-11 10:12:52 | [INFO]    | Authenticated as puppy#3867
2022-07-11 10:12:52 | [INFO]    | Launching shard 0 (1 out of 1)...
2022-07-11 10:12:52 | [INFO]    | Shard 0 : Connected to wss://gateway.discord.gg
2022-07-11 10:12:52 | [INFO]    | Shard 0 : Received HELLO
2022-07-11 10:12:52 | [INFO]    | Shard 0 : Received READY
2022-07-11 10:13:03 | [INFO]    | Discordia 2.9.2
2022-07-11 10:13:03 | [INFO]    | Connecting to Discord...
2022-07-11 10:13:03 | [INFO]    | Authenticated as puppy#3867
2022-07-11 10:13:03 | [INFO]    | Launching shard 0 (1 out of 1)...
2022-07-11 10:13:03 | [INFO]    | Shard 0 : Connected to wss://gateway.discord.gg
2022-07-11 10:13:03 | [INFO]    | Shard 0 : Received HELLO
2022-07-11 10:13:03 | [INFO]    | Shard 0 : Received READY
2022-07-11 10:13:13 | [INFO]    | Discordia 2.9.2
2022-07-11 10:13:13 | [INFO]    | Connecting to Discord...
2022-07-11 10:13:13 | [INFO]    | Authenticated as puppy#3867
2022-07-11 10:13:13 | [INFO]    | Launching shard 0 (1 out of 1)...
2022-07-11 10:13:13 | [INFO]    | Shard 0 : Connected to wss://gateway.discord.gg
2022-07-11 10:13:13 | [INFO]    | Shard 0 : Received HELLO
2022-07-11 10:13:14 | [INFO]    | Shard 0 : Received READY
2022-07-11 10:13:41 | [INFO]    | Discordia 2.9.2
2022-07-11 10:13:41 | [INFO]    | Connecting to Discord...
2022-07-11 10:13:42 | [INFO]    | Authenticated as puppy#3867
2022-07-11 10:13:42 | [INFO]    | Launching shard 0 (1 out of 1)...
2022-07-11 10:13:42 | [INFO]    | Shard 0 : Connected to wss://gateway.discord.gg
2022-07-11 10:13:42 | [INFO]    | Shard 0 : Received HELLO
2022-07-11 10:13:42 | [INFO]    | Shard 0 : Received READY
2022-07-11 10:14:17 | [INFO]    | Discordia 2.9.2
2022-07-11 10:14:17 | [INFO]    | Connecting to Discord...
2022-07-11 10:14:17 | [INFO]    | Authenticated as puppy#3867
2022-07-11 10:14:17 | [INFO]    | Launching shard 0 (1 out of 1)...
2022-07-11 10:14:17 | [INFO]    | Shard 0 : Connected to wss://gateway.discord.gg
2022-07-11 10:14:17 | [INFO]    | Shard 0 : Received HELLO
2022-07-11 10:14:18 | [INFO]    | Shard 0 : Received READY
2022-07-11 10:15:13 | [INFO]    | Discordia 2.9.2
2022-07-11 10:15:13 | [INFO]    | Connecting to Discord...
2022-07-11 10:15:13 | [INFO]    | Authenticated as puppy#3867
2022-07-11 10:15:13 | [INFO]    | Launching shard 0 (1 out of 1)...
2022-07-11 10:15:13 | [INFO]    | Shard 0 : Connected to wss://gateway.discord.gg
2022-07-11 10:15:13 | [INFO]    | Shard 0 : Received HELLO
2022-07-11 10:15:14 | [INFO]    | Shard 0 : Received READY
2022-07-11 10:15:43 | [INFO]    | Discordia 2.9.2
2022-07-11 10:15:43 | [INFO]    | Connecting to Discord...
2022-07-11 10:15:43 | [INFO]    | Authenticated as puppy#3867
2022-07-11 10:15:43 | [INFO]    | Launching shard 0 (1 out of 1)...
2022-07-11 10:15:43 | [INFO]    | Shard 0 : Connected to wss://gateway.discord.gg
2022-07-11 10:15:43 | [INFO]    | Shard 0 : Received HELLO
2022-07-11 10:15:43 | [INFO]    | Shard 0 : Received READY
2022-07-11 10:17:25 | [INFO]    | Discordia 2.9.2
2022-07-11 10:17:25 | [INFO]    | Connecting to Discord...
2022-07-11 10:17:25 | [INFO]    | Authenticated as puppy#3867
2022-07-11 10:17:25 | [INFO]    | Launching shard 0 (1 out of 1)...
2022-07-11 10:17:25 | [INFO]    | Shard 0 : Connected to wss://gateway.discord.gg
2022-07-11 10:17:25 | [INFO]    | Shard 0 : Received HELLO
2022-07-11 10:17:25 | [INFO]    | Shard 0 : Received READY
2022-07-11 10:17:46 | [INFO]    | Discordia 2.9.2
2022-07-11 10:17:46 | [INFO]    | Connecting to Discord...
2022-07-11 10:17:46 | [INFO]    | Authenticated as puppy#3867
2022-07-11 10:17:46 | [INFO]    | Launching shard 0 (1 out of 1)...
2022-07-11 10:17:46 | [INFO]    | Shard 0 : Connected to wss://gateway.discord.gg
2022-07-11 10:17:46 | [INFO]    | Shard 0 : Received HELLO
2022-07-11 10:17:46 | [INFO]    | Shard 0 : Received READY
2022-07-11 10:19:07 | [INFO]    | Discordia 2.9.2
2022-07-11 10:19:07 | [INFO]    | Connecting to Discord...
2022-07-11 10:19:07 | [INFO]    | Authenticated as puppy#3867
2022-07-11 10:19:07 | [INFO]    | Launching shard 0 (1 out of 1)...
2022-07-11 10:19:07 | [INFO]    | Shard 0 : Connected to wss://gateway.discord.gg
2022-07-11 10:19:07 | [INFO]    | Shard 0 : Received HELLO
2022-07-11 10:19:08 | [INFO]    | Shard 0 : Received READY
2022-07-11 10:20:03 | [INFO]    | Discordia 2.9.2
2022-07-11 10:20:03 | [INFO]    | Connecting to Discord...
2022-07-11 10:20:03 | [INFO]    | Authenticated as puppy#3867
2022-07-11 10:20:03 | [INFO]    | Launching shard 0 (1 out of 1)...
2022-07-11 10:20:03 | [INFO]    | Shard 0 : Connected to wss://gateway.discord.gg
2022-07-11 10:20:03 | [INFO]    | Shard 0 : Received HELLO
2022-07-11 10:20:03 | [INFO]    | Shard 0 : Received READY
2022-07-11 10:20:34 | [INFO]    | Discordia 2.9.2
2022-07-11 10:20:34 | [INFO]    | Connecting to Discord...
2022-07-11 10:20:34 | [INFO]    | Authenticated as puppy#3867
2022-07-11 10:20:34 | [INFO]    | Launching shard 0 (1 out of 1)...
2022-07-11 10:20:34 | [INFO]    | Shard 0 : Connected to wss://gateway.discord.gg
2022-07-11 10:20:34 | [INFO]    | Shard 0 : Received HELLO
2022-07-11 10:20:34 | [INFO]    | Shard 0 : Received READY
2022-07-11 10:20:44 | [INFO]    | Discordia 2.9.2
2022-07-11 10:20:44 | [INFO]    | Connecting to Discord...
2022-07-11 10:20:44 | [INFO]    | Authenticated as puppy#3867
2022-07-11 10:20:44 | [INFO]    | Launching shard 0 (1 out of 1)...
2022-07-11 10:20:44 | [INFO]    | Shard 0 : Connected to wss://gateway.discord.gg
2022-07-11 10:20:44 | [INFO]    | Shard 0 : Received HELLO
2022-07-11 10:20:44 | [INFO]    | Shard 0 : Received READY
2022-07-11 10:21:02 | [INFO]    | Discordia 2.9.2
2022-07-11 10:21:02 | [INFO]    | Connecting to Discord...
2022-07-11 10:21:02 | [INFO]    | Authenticated as puppy#3867
2022-07-11 10:21:02 | [INFO]    | Launching shard 0 (1 out of 1)...
2022-07-11 10:21:02 | [INFO]    | Shard 0 : Connected to wss://gateway.discord.gg
2022-07-11 10:21:02 | [INFO]    | Shard 0 : Received HELLO
2022-07-11 10:21:02 | [INFO]    | Shard 0 : Received READY
2022-07-11 10:21:34 | [INFO]    | Discordia 2.9.2
2022-07-11 10:21:34 | [INFO]    | Connecting to Discord...
2022-07-11 10:21:34 | [INFO]    | Authenticated as puppy#3867
2022-07-11 10:21:34 | [INFO]    | Launching shard 0 (1 out of 1)...
2022-07-11 10:21:34 | [INFO]    | Shard 0 : Connected to wss://gateway.discord.gg
2022-07-11 10:21:34 | [INFO]    | Shard 0 : Received HELLO
2022-07-11 10:21:34 | [INFO]    | Shard 0 : Received READY
2022-07-11 10:44:43 | [INFO]    | Shard 0 : Disconnected
2022-07-11 10:44:43 | [INFO]    | Shard 0 : Reconnecting after 917 ms...
2022-07-11 10:44:45 | [INFO]    | Shard 0 : Connected to wss://gateway.discord.gg
2022-07-11 10:44:45 | [INFO]    | Shard 0 : Received HELLO
2022-07-11 10:44:45 | [INFO]    | Shard 0 : Received RESUMED
2022-07-11 18:02:08 | [INFO]    | Discordia 2.9.2
2022-07-11 18:02:08 | [INFO]    | Connecting to Discord...
2022-07-11 18:02:08 | [INFO]    | Authenticated as puppy#3867
2022-07-11 18:02:09 | [INFO]    | Launching shard 0 (1 out of 1)...
2022-07-11 18:02:09 | [INFO]    | Shard 0 : Connected to wss://gateway.discord.gg
2022-07-11 18:02:09 | [INFO]    | Shard 0 : Received HELLO
2022-07-11 18:02:09 | [INFO]    | Shard 0 : Received READY
2022-07-11 18:02:33 | [INFO]    | Discordia 2.9.2
2022-07-11 18:02:33 | [INFO]    | Connecting to Discord...
2022-07-11 18:02:33 | [INFO]    | Authenticated as puppy#3867
2022-07-11 18:02:33 | [INFO]    | Launching shard 0 (1 out of 1)...
2022-07-11 18:02:33 | [INFO]    | Shard 0 : Connected to wss://gateway.discord.gg
2022-07-11 18:02:33 | [INFO]    | Shard 0 : Received HELLO
2022-07-11 18:02:34 | [INFO]    | Shard 0 : Received READY
2022-07-11 18:03:20 | [INFO]    | Discordia 2.9.2
2022-07-11 18:03:20 | [INFO]    | Connecting to Discord...
2022-07-11 18:03:20 | [INFO]    | Authenticated as puppy#3867
2022-07-11 18:03:20 | [INFO]    | Launching shard 0 (1 out of 1)...
2022-07-11 18:03:21 | [INFO]    | Shard 0 : Connected to wss://gateway.discord.gg
2022-07-11 18:03:21 | [INFO]    | Shard 0 : Received HELLO
2022-07-11 18:03:21 | [INFO]    | Shard 0 : Received READY
2022-07-11 18:03:57 | [INFO]    | Discordia 2.9.2
2022-07-11 18:03:57 | [INFO]    | Connecting to Discord...
2022-07-11 18:03:57 | [INFO]    | Authenticated as puppy#3867
2022-07-11 18:03:57 | [INFO]    | Launching shard 0 (1 out of 1)...
2022-07-11 18:03:57 | [INFO]    | Shard 0 : Connected to wss://gateway.discord.gg
2022-07-11 18:03:57 | [INFO]    | Shard 0 : Received HELLO
2022-07-11 18:03:57 | [INFO]    | Shard 0 : Received READY
2022-07-11 18:04:01 | [ERROR]   | 400 - Bad Request : POST https://discord.com/api/v7/channels/867598109411901442/messages
2022-07-11 18:04:11 | [ERROR]   | 400 - Bad Request : POST https://discord.com/api/v7/channels/748748921593135104/messages
2022-07-11 18:10:26 | [INFO]    | Discordia 2.9.2
2022-07-11 18:10:26 | [INFO]    | Connecting to Discord...
2022-07-11 18:10:27 | [INFO]    | Authenticated as puppy#3867
2022-07-11 18:10:27 | [INFO]    | Launching shard 0 (1 out of 1)...
2022-07-11 18:10:27 | [INFO]    | Shard 0 : Connected to wss://gateway.discord.gg
2022-07-11 18:10:27 | [INFO]    | Shard 0 : Received HELLO
2022-07-11 18:10:27 | [INFO]    | Shard 0 : Received READY
2022-07-11 19:33:21 | [INFO]    | Discordia 2.9.2
2022-07-11 19:33:21 | [INFO]    | Connecting to Discord...
2022-07-11 19:33:21 | [INFO]    | Authenticated as puppy#3867
2022-07-11 19:33:22 | [INFO]    | Launching shard 0 (1 out of 1)...
2022-07-11 19:33:22 | [INFO]    | Shard 0 : Connected to wss://gateway.discord.gg
2022-07-11 19:33:22 | [INFO]    | Shard 0 : Received HELLO
2022-07-11 19:33:22 | [INFO]    | Shard 0 : Received READY
2022-07-11 19:33:30 | [INFO]    | Discordia 2.9.2
2022-07-11 19:33:30 | [INFO]    | Connecting to Discord...
2022-07-11 19:33:30 | [INFO]    | Authenticated as puppy#3867
2022-07-11 19:33:30 | [INFO]    | Launching shard 0 (1 out of 1)...
2022-07-11 19:33:30 | [INFO]    | Shard 0 : Connected to wss://gateway.discord.gg
2022-07-11 19:33:30 | [INFO]    | Shard 0 : Received HELLO
2022-07-11 19:33:30 | [INFO]    | Shard 0 : Received READY
2022-07-11 19:34:36 | [INFO]    | Discordia 2.9.2
2022-07-11 19:34:36 | [INFO]    | Connecting to Discord...
2022-07-11 19:34:37 | [INFO]    | Authenticated as puppy#3867
2022-07-11 19:34:37 | [INFO]    | Launching shard 0 (1 out of 1)...
2022-07-11 19:34:37 | [INFO]    | Shard 0 : Connected to wss://gateway.discord.gg
2022-07-11 19:34:37 | [INFO]    | Shard 0 : Received HELLO
2022-07-11 19:34:37 | [INFO]    | Shard 0 : Received READY
2022-07-11 19:34:44 | [INFO]    | Discordia 2.9.2
2022-07-11 19:34:44 | [INFO]    | Connecting to Discord...
2022-07-11 19:34:44 | [INFO]    | Authenticated as puppy#3867
2022-07-11 19:34:44 | [INFO]    | Launching shard 0 (1 out of 1)...
2022-07-11 19:34:44 | [INFO]    | Shard 0 : Connected to wss://gateway.discord.gg
2022-07-11 19:34:44 | [INFO]    | Shard 0 : Received HELLO
2022-07-11 19:34:45 | [INFO]    | Shard 0 : Received READY
2022-07-11 19:35:36 | [INFO]    | Discordia 2.9.2
2022-07-11 19:35:36 | [INFO]    | Connecting to Discord...
2022-07-11 19:35:36 | [INFO]    | Authenticated as puppy#3867
2022-07-11 19:35:36 | [INFO]    | Launching shard 0 (1 out of 1)...
2022-07-11 19:35:36 | [INFO]    | Shard 0 : Connected to wss://gateway.discord.gg
2022-07-11 19:35:36 | [INFO]    | Shard 0 : Received HELLO
2022-07-11 19:35:36 | [INFO]    | Shard 0 : Received READY
2022-07-11 19:38:39 | [INFO]    | Discordia 2.9.2
2022-07-11 19:38:39 | [INFO]    | Connecting to Discord...
2022-07-11 19:38:39 | [INFO]    | Authenticated as puppy#3867
2022-07-11 19:38:39 | [INFO]    | Launching shard 0 (1 out of 1)...
2022-07-11 19:38:40 | [INFO]    | Shard 0 : Connected to wss://gateway.discord.gg
2022-07-11 19:38:40 | [INFO]    | Shard 0 : Received HELLO
2022-07-11 19:38:40 | [INFO]    | Shard 0 : Received READY
2022-07-11 19:39:59 | [INFO]    | Discordia 2.9.2
2022-07-11 19:39:59 | [INFO]    | Connecting to Discord...
2022-07-11 19:39:59 | [INFO]    | Authenticated as puppy#3867
2022-07-11 19:39:59 | [INFO]    | Launching shard 0 (1 out of 1)...
2022-07-11 19:40:00 | [INFO]    | Shard 0 : Connected to wss://gateway.discord.gg
2022-07-11 19:40:00 | [INFO]    | Shard 0 : Received HELLO
2022-07-11 19:40:00 | [INFO]    | Shard 0 : Received READY
2022-07-11 19:40:54 | [INFO]    | Discordia 2.9.2
2022-07-11 19:40:54 | [INFO]    | Connecting to Discord...
2022-07-11 19:40:54 | [INFO]    | Authenticated as puppy#3867
2022-07-11 19:40:54 | [INFO]    | Launching shard 0 (1 out of 1)...
2022-07-11 19:40:54 | [INFO]    | Shard 0 : Connected to wss://gateway.discord.gg
2022-07-11 19:40:54 | [INFO]    | Shard 0 : Received HELLO
2022-07-11 19:40:55 | [INFO]    | Shard 0 : Received READY
2022-07-11 19:41:02 | [INFO]    | Discordia 2.9.2
2022-07-11 19:41:02 | [INFO]    | Connecting to Discord...
2022-07-11 19:41:02 | [INFO]    | Authenticated as puppy#3867
2022-07-11 19:41:02 | [INFO]    | Launching shard 0 (1 out of 1)...
2022-07-11 19:41:02 | [INFO]    | Shard 0 : Connected to wss://gateway.discord.gg
2022-07-11 19:41:02 | [INFO]    | Shard 0 : Received HELLO
2022-07-11 19:41:03 | [INFO]    | Shard 0 : Received READY
2022-07-11 19:41:31 | [INFO]    | Discordia 2.9.2
2022-07-11 19:41:31 | [INFO]    | Connecting to Discord...
2022-07-11 19:41:31 | [INFO]    | Authenticated as puppy#3867
2022-07-11 19:41:31 | [INFO]    | Launching shard 0 (1 out of 1)...
2022-07-11 19:41:31 | [INFO]    | Shard 0 : Connected to wss://gateway.discord.gg
2022-07-11 19:41:31 | [INFO]    | Shard 0 : Received HELLO
2022-07-11 19:41:32 | [INFO]    | Shard 0 : Received READY
2022-07-11 19:42:16 | [INFO]    | Discordia 2.9.2
2022-07-11 19:42:16 | [INFO]    | Connecting to Discord...
2022-07-11 19:42:16 | [INFO]    | Authenticated as puppy#3867
2022-07-11 19:42:16 | [INFO]    | Launching shard 0 (1 out of 1)...
2022-07-11 19:42:17 | [INFO]    | Shard 0 : Connected to wss://gateway.discord.gg
2022-07-11 19:42:17 | [INFO]    | Shard 0 : Received HELLO
2022-07-11 19:42:17 | [INFO]    | Shard 0 : Received READY
2022-07-11 19:42:32 | [INFO]    | Discordia 2.9.2
2022-07-11 19:42:32 | [INFO]    | Connecting to Discord...
2022-07-11 19:42:32 | [INFO]    | Authenticated as puppy#3867
2022-07-11 19:42:32 | [INFO]    | Launching shard 0 (1 out of 1)...
2022-07-11 19:42:32 | [INFO]    | Shard 0 : Connected to wss://gateway.discord.gg
2022-07-11 19:42:32 | [INFO]    | Shard 0 : Received HELLO
2022-07-11 19:42:32 | [INFO]    | Shard 0 : Received READY
2022-07-11 21:05:47 | [INFO]    | Discordia 2.9.2
2022-07-11 21:05:47 | [INFO]    | Connecting to Discord...
2022-07-11 21:05:47 | [INFO]    | Authenticated as puppy#3867
2022-07-11 21:05:47 | [INFO]    | Launching shard 0 (1 out of 1)...
2022-07-11 21:05:47 | [INFO]    | Shard 0 : Connected to wss://gateway.discord.gg
2022-07-11 21:05:47 | [INFO]    | Shard 0 : Received HELLO
2022-07-11 21:05:47 | [INFO]    | Shard 0 : Received READY
2022-07-11 21:06:09 | [INFO]    | Discordia 2.9.2
2022-07-11 21:06:09 | [INFO]    | Connecting to Discord...
2022-07-11 21:06:09 | [INFO]    | Authenticated as puppy#3867
2022-07-11 21:06:09 | [INFO]    | Launching shard 0 (1 out of 1)...
2022-07-11 21:06:10 | [INFO]    | Shard 0 : Connected to wss://gateway.discord.gg
2022-07-11 21:06:10 | [INFO]    | Shard 0 : Received HELLO
2022-07-11 21:06:10 | [INFO]    | Shard 0 : Received READY
2022-07-11 21:06:35 | [INFO]    | Discordia 2.9.2
2022-07-11 21:06:35 | [INFO]    | Connecting to Discord...
2022-07-11 21:06:35 | [INFO]    | Authenticated as puppy#3867
2022-07-11 21:06:35 | [INFO]    | Launching shard 0 (1 out of 1)...
2022-07-11 21:06:35 | [INFO]    | Shard 0 : Connected to wss://gateway.discord.gg
2022-07-11 21:06:35 | [INFO]    | Shard 0 : Received HELLO
2022-07-11 21:06:35 | [INFO]    | Shard 0 : Received READY
2022-07-11 21:06:51 | [INFO]    | Discordia 2.9.2
2022-07-11 21:06:51 | [INFO]    | Connecting to Discord...
2022-07-11 21:06:52 | [INFO]    | Authenticated as puppy#3867
2022-07-11 21:06:52 | [INFO]    | Launching shard 0 (1 out of 1)...
2022-07-11 21:06:52 | [INFO]    | Shard 0 : Connected to wss://gateway.discord.gg
2022-07-11 21:06:52 | [INFO]    | Shard 0 : Received HELLO
2022-07-11 21:06:52 | [INFO]    | Shard 0 : Received READY
2022-07-11 21:07:28 | [INFO]    | Discordia 2.9.2
2022-07-11 21:07:28 | [INFO]    | Connecting to Discord...
2022-07-11 21:07:28 | [INFO]    | Authenticated as puppy#3867
2022-07-11 21:07:28 | [INFO]    | Launching shard 0 (1 out of 1)...
2022-07-11 21:07:28 | [INFO]    | Shard 0 : Connected to wss://gateway.discord.gg
2022-07-11 21:07:28 | [INFO]    | Shard 0 : Received HELLO
2022-07-11 21:07:28 | [INFO]    | Shard 0 : Received READY
2022-07-11 21:07:39 | [INFO]    | Discordia 2.9.2
2022-07-11 21:07:39 | [INFO]    | Connecting to Discord...
2022-07-11 21:07:39 | [INFO]    | Authenticated as puppy#3867
2022-07-11 21:07:39 | [INFO]    | Launching shard 0 (1 out of 1)...
2022-07-11 21:07:39 | [INFO]    | Shard 0 : Connected to wss://gateway.discord.gg
2022-07-11 21:07:39 | [INFO]    | Shard 0 : Received HELLO
2022-07-11 21:07:40 | [INFO]    | Shard 0 : Received READY
2022-07-12 10:31:26 | [INFO]    | Discordia 2.9.2
2022-07-12 10:31:26 | [INFO]    | Connecting to Discord...
2022-07-12 10:31:26 | [INFO]    | Authenticated as puppy#3867
2022-07-12 10:31:26 | [INFO]    | Launching shard 0 (1 out of 1)...
2022-07-12 10:31:27 | [INFO]    | Shard 0 : Connected to wss://gateway.discord.gg
2022-07-12 10:31:27 | [INFO]    | Shard 0 : Received HELLO
2022-07-12 10:31:27 | [INFO]    | Shard 0 : Received READY
2022-07-12 10:32:21 | [INFO]    | Discordia 2.9.2
2022-07-12 10:32:21 | [INFO]    | Connecting to Discord...
2022-07-12 10:32:21 | [INFO]    | Authenticated as puppy#3867
2022-07-12 10:32:21 | [INFO]    | Launching shard 0 (1 out of 1)...
2022-07-12 10:32:21 | [INFO]    | Shard 0 : Connected to wss://gateway.discord.gg
2022-07-12 10:32:21 | [INFO]    | Shard 0 : Received HELLO
2022-07-12 10:32:21 | [INFO]    | Shard 0 : Received READY
2022-07-12 10:33:45 | [INFO]    | Discordia 2.9.2
2022-07-12 10:33:45 | [INFO]    | Connecting to Discord...
2022-07-12 10:33:46 | [INFO]    | Authenticated as puppy#3867
2022-07-12 10:33:46 | [INFO]    | Launching shard 0 (1 out of 1)...
2022-07-12 10:33:46 | [INFO]    | Shard 0 : Connected to wss://gateway.discord.gg
2022-07-12 10:33:46 | [INFO]    | Shard 0 : Received HELLO
2022-07-12 10:33:46 | [INFO]    | Shard 0 : Received READY
2022-07-12 10:41:14 | [INFO]    | Discordia 2.9.2
2022-07-12 10:41:14 | [INFO]    | Connecting to Discord...
2022-07-12 10:41:14 | [INFO]    | Authenticated as puppy#3867
2022-07-12 10:41:14 | [INFO]    | Launching shard 0 (1 out of 1)...
2022-07-12 10:41:14 | [INFO]    | Shard 0 : Connected to wss://gateway.discord.gg
2022-07-12 10:41:14 | [INFO]    | Shard 0 : Received HELLO
2022-07-12 10:41:15 | [INFO]    | Shard 0 : Received READY
2022-07-12 10:48:57 | [INFO]    | Discordia 2.9.2
2022-07-12 10:48:57 | [INFO]    | Connecting to Discord...
2022-07-12 10:48:57 | [INFO]    | Authenticated as puppy#3867
2022-07-12 10:48:57 | [INFO]    | Launching shard 0 (1 out of 1)...
2022-07-12 10:48:57 | [INFO]    | Shard 0 : Connected to wss://gateway.discord.gg
2022-07-12 10:48:57 | [INFO]    | Shard 0 : Received HELLO
2022-07-12 10:48:57 | [INFO]    | Shard 0 : Received READY
2022-07-12 10:49:30 | [INFO]    | Discordia 2.9.2
2022-07-12 10:49:30 | [INFO]    | Connecting to Discord...
2022-07-12 10:49:30 | [INFO]    | Authenticated as puppy#3867
2022-07-12 10:49:30 | [INFO]    | Launching shard 0 (1 out of 1)...
2022-07-12 10:49:30 | [INFO]    | Shard 0 : Connected to wss://gateway.discord.gg
2022-07-12 10:49:30 | [INFO]    | Shard 0 : Received HELLO
2022-07-12 10:49:30 | [INFO]    | Shard 0 : Received READY
2022-07-12 10:54:50 | [INFO]    | Discordia 2.9.2
2022-07-12 10:54:50 | [INFO]    | Connecting to Discord...
2022-07-12 10:54:50 | [INFO]    | Authenticated as puppy#3867
2022-07-12 10:54:50 | [INFO]    | Launching shard 0 (1 out of 1)...
2022-07-12 10:54:50 | [INFO]    | Shard 0 : Connected to wss://gateway.discord.gg
2022-07-12 10:54:50 | [INFO]    | Shard 0 : Received HELLO
2022-07-12 10:54:51 | [INFO]    | Shard 0 : Received READY
2022-07-12 10:56:07 | [INFO]    | Discordia 2.9.2
2022-07-12 10:56:07 | [INFO]    | Connecting to Discord...
2022-07-12 10:56:07 | [INFO]    | Authenticated as puppy#3867
2022-07-12 10:56:07 | [INFO]    | Launching shard 0 (1 out of 1)...
2022-07-12 10:56:07 | [INFO]    | Shard 0 : Connected to wss://gateway.discord.gg
2022-07-12 10:56:07 | [INFO]    | Shard 0 : Received HELLO
2022-07-12 10:56:08 | [INFO]    | Shard 0 : Received READY
2022-07-12 10:56:53 | [INFO]    | Discordia 2.9.2
2022-07-12 10:56:53 | [INFO]    | Connecting to Discord...
2022-07-12 10:56:54 | [INFO]    | Authenticated as puppy#3867
2022-07-12 10:56:54 | [INFO]    | Launching shard 0 (1 out of 1)...
2022-07-12 10:56:54 | [INFO]    | Shard 0 : Connected to wss://gateway.discord.gg
2022-07-12 10:56:54 | [INFO]    | Shard 0 : Received HELLO
2022-07-12 10:56:54 | [INFO]    | Shard 0 : Received READY
2022-07-12 11:21:42 | [INFO]    | Discordia 2.9.2
2022-07-12 11:21:42 | [INFO]    | Connecting to Discord...
2022-07-12 11:21:42 | [INFO]    | Authenticated as puppy#3867
2022-07-12 11:21:42 | [INFO]    | Launching shard 0 (1 out of 1)...
2022-07-12 11:21:43 | [INFO]    | Shard 0 : Connected to wss://gateway.discord.gg
2022-07-12 11:21:43 | [INFO]    | Shard 0 : Received HELLO
2022-07-12 11:21:43 | [INFO]    | Shard 0 : Received READY
2022-07-12 11:22:33 | [INFO]    | Discordia 2.9.2
2022-07-12 11:22:33 | [INFO]    | Connecting to Discord...
2022-07-12 11:22:33 | [INFO]    | Authenticated as puppy#3867
2022-07-12 11:22:33 | [INFO]    | Launching shard 0 (1 out of 1)...
2022-07-12 11:22:33 | [INFO]    | Shard 0 : Connected to wss://gateway.discord.gg
2022-07-12 11:22:33 | [INFO]    | Shard 0 : Received HELLO
2022-07-12 11:22:33 | [INFO]    | Shard 0 : Received READY
2022-07-12 11:46:29 | [INFO]    | Shard 0 : Discord has requested a reconnection
2022-07-12 11:46:29 | [INFO]    | Shard 0 : Disconnected
2022-07-12 11:46:29 | [INFO]    | Shard 0 : Reconnecting...
2022-07-12 11:46:29 | [INFO]    | Shard 0 : Connected to wss://gateway.discord.gg
2022-07-12 11:46:29 | [INFO]    | Shard 0 : Received HELLO
2022-07-12 11:46:29 | [INFO]    | Shard 0 : Received RESUMED
2022-07-13 18:23:22 | [INFO]    | Discordia 2.9.2
2022-07-13 18:23:22 | [INFO]    | Connecting to Discord...
2022-07-13 18:23:22 | [INFO]    | Authenticated as puppy#3867
2022-07-13 18:23:23 | [INFO]    | Launching shard 0 (1 out of 1)...
2022-07-13 18:23:23 | [INFO]    | Shard 0 : Connected to wss://gateway.discord.gg
2022-07-13 18:23:23 | [INFO]    | Shard 0 : Received HELLO
2022-07-13 18:23:23 | [INFO]    | Shard 0 : Received READY
2022-07-14 10:36:07 | [INFO]    | Discordia 2.9.2
2022-07-14 10:36:07 | [INFO]    | Connecting to Discord...
2022-07-14 10:36:07 | [INFO]    | Authenticated as puppy#3867
2022-07-14 10:36:07 | [INFO]    | Launching shard 0 (1 out of 1)...
2022-07-15 15:13:39 | [INFO]    | Discordia 2.9.2
2022-07-15 15:13:39 | [INFO]    | Connecting to Discord...
2022-07-15 15:13:39 | [INFO]    | Authenticated as puppy#3867
2022-07-15 15:13:39 | [INFO]    | Launching shard 0 (1 out of 1)...
2022-07-15 15:13:39 | [INFO]    | Shard 0 : Connected to wss://gateway.discord.gg
2022-07-15 15:13:39 | [INFO]    | Shard 0 : Received HELLO
2022-07-15 15:13:39 | [INFO]    | Shard 0 : Received READY
